[2021-01-04 16:33:42.918] [jointLog] [info] Fragment incompatibility prior below threshold.  Incompatible fragments will be ignored.
[2021-01-04 16:33:42.918] [jointLog] [info] Usage of --validateMappings implies use of minScoreFraction. Since not explicitly specified, it is being set to 0.65
[2021-01-04 16:33:42.918] [jointLog] [info] Usage of --validateMappings, without --hardFilter implies use of range factorization. rangeFactorizationBins is being set to 4
[2021-01-04 16:33:42.918] [jointLog] [info] Usage of --validateMappings implies a default consensus slack of 0.2. Setting consensusSlack to 0.2.
[2021-01-04 16:33:42.918] [jointLog] [info] parsing read library format
[2021-01-04 16:33:42.918] [jointLog] [info] There is 1 library.
[2021-01-04 16:33:42.998] [jointLog] [info] Loading Quasi index
[2021-01-04 16:33:42.999] [jointLog] [info] Loading 32-bit quasi index
[2021-01-04 16:33:54.864] [jointLog] [info] done
[2021-01-04 16:33:54.864] [jointLog] [info] Index contained 198,540 targets
[2021-01-04 16:33:55.635] [jointLog] [info] Automatically detected most likely library type as ISR
[2021-01-04 16:36:13.730] [jointLog] [info] Thread saw mini-batch with a maximum of 1.34% zero probability fragments
[2021-01-04 16:36:13.736] [jointLog] [info] Thread saw mini-batch with a maximum of 1.46% zero probability fragments
[2021-01-04 16:36:13.797] [jointLog] [info] Thread saw mini-batch with a maximum of 1.34% zero probability fragments
[2021-01-04 16:36:13.810] [jointLog] [info] Thread saw mini-batch with a maximum of 1.46% zero probability fragments
[2021-01-04 16:36:13.827] [jointLog] [info] Thread saw mini-batch with a maximum of 1.38% zero probability fragments
[2021-01-04 16:36:13.841] [jointLog] [info] Thread saw mini-batch with a maximum of 1.58% zero probability fragments
[2021-01-04 16:36:13.846] [jointLog] [info] Thread saw mini-batch with a maximum of 1.30% zero probability fragments
[2021-01-04 16:36:13.865] [jointLog] [info] Thread saw mini-batch with a maximum of 1.48% zero probability fragments
[2021-01-04 16:36:13.884] [jointLog] [info] Thread saw mini-batch with a maximum of 1.42% zero probability fragments
[2021-01-04 16:36:13.987] [jointLog] [info] Thread saw mini-batch with a maximum of 1.32% zero probability fragments
[2021-01-04 16:36:14.362] [fileLog] [info] 
At end of round 0
==================
Observed 19892061 total fragments (19892061 in most recent round)

[2021-01-04 16:36:14.361] [jointLog] [info] Computed 503,641 rich equivalence classes for further processing
[2021-01-04 16:36:14.361] [jointLog] [info] Counted 15,880,012 total reads in the equivalence classes 
[2021-01-04 16:36:14.385] [jointLog] [info] Number of mappings discarded because of alignment score : 1,960,154
[2021-01-04 16:36:14.385] [jointLog] [info] Number of fragments entirely discarded because of alignment score : 2,340,244
[2021-01-04 16:36:14.385] [jointLog] [info] Mapping rate = 79.8309%

[2021-01-04 16:36:14.385] [jointLog] [info] finished quantifyLibrary()
[2021-01-04 16:36:14.387] [jointLog] [info] Starting optimizer
[2021-01-04 16:36:14.507] [jointLog] [info] Marked 0 weighted equivalence classes as degenerate
[2021-01-04 16:36:14.524] [jointLog] [info] iteration = 0 | max rel diff. = 5218.14
[2021-01-04 16:36:16.081] [jointLog] [info] iteration = 100 | max rel diff. = 16.7778
[2021-01-04 16:36:17.614] [jointLog] [info] iteration = 200 | max rel diff. = 8.56843
[2021-01-04 16:36:19.146] [jointLog] [info] iteration = 300 | max rel diff. = 14.7482
[2021-01-04 16:36:20.735] [jointLog] [info] iteration = 400 | max rel diff. = 0.631447
[2021-01-04 16:36:22.344] [jointLog] [info] iteration = 500 | max rel diff. = 0.171831
[2021-01-04 16:36:23.924] [jointLog] [info] iteration = 600 | max rel diff. = 0.114545
[2021-01-04 16:36:25.456] [jointLog] [info] iteration = 700 | max rel diff. = 0.0369833
[2021-01-04 16:36:26.989] [jointLog] [info] iteration = 800 | max rel diff. = 0.0541966
[2021-01-04 16:36:28.521] [jointLog] [info] iteration = 900 | max rel diff. = 0.0364348
[2021-01-04 16:36:30.054] [jointLog] [info] iteration = 1,000 | max rel diff. = 0.0974482
[2021-01-04 16:36:31.586] [jointLog] [info] iteration = 1,100 | max rel diff. = 0.0426605
[2021-01-04 16:36:33.117] [jointLog] [info] iteration = 1,200 | max rel diff. = 0.0646087
[2021-01-04 16:36:34.650] [jointLog] [info] iteration = 1,300 | max rel diff. = 0.0200713
[2021-01-04 16:36:35.388] [jointLog] [info] iteration = 1,349 | max rel diff. = 0.00680684
[2021-01-04 16:36:35.392] [jointLog] [info] Finished optimizer
[2021-01-04 16:36:35.392] [jointLog] [info] writing output 

