[2021-01-04 16:36:38.735] [jointLog] [info] Fragment incompatibility prior below threshold.  Incompatible fragments will be ignored.
[2021-01-04 16:36:38.736] [jointLog] [info] Usage of --validateMappings implies use of minScoreFraction. Since not explicitly specified, it is being set to 0.65
[2021-01-04 16:36:38.736] [jointLog] [info] Usage of --validateMappings, without --hardFilter implies use of range factorization. rangeFactorizationBins is being set to 4
[2021-01-04 16:36:38.736] [jointLog] [info] Usage of --validateMappings implies a default consensus slack of 0.2. Setting consensusSlack to 0.2.
[2021-01-04 16:36:38.736] [jointLog] [info] parsing read library format
[2021-01-04 16:36:38.736] [jointLog] [info] There is 1 library.
[2021-01-04 16:36:38.813] [jointLog] [info] Loading Quasi index
[2021-01-04 16:36:38.814] [jointLog] [info] Loading 32-bit quasi index
[2021-01-04 16:36:49.199] [jointLog] [info] done
[2021-01-04 16:36:49.199] [jointLog] [info] Index contained 198,540 targets
[2021-01-04 16:36:50.165] [jointLog] [info] Automatically detected most likely library type as ISR
[2021-01-04 16:39:15.318] [jointLog] [info] Thread saw mini-batch with a maximum of 1.56% zero probability fragments
[2021-01-04 16:39:15.348] [jointLog] [info] Thread saw mini-batch with a maximum of 1.48% zero probability fragments
[2021-01-04 16:39:15.349] [jointLog] [info] Thread saw mini-batch with a maximum of 1.54% zero probability fragments
[2021-01-04 16:39:15.351] [jointLog] [info] Thread saw mini-batch with a maximum of 1.38% zero probability fragments
[2021-01-04 16:39:15.379] [jointLog] [info] Thread saw mini-batch with a maximum of 1.46% zero probability fragments
[2021-01-04 16:39:15.397] [jointLog] [info] Thread saw mini-batch with a maximum of 1.50% zero probability fragments
[2021-01-04 16:39:15.459] [jointLog] [info] Thread saw mini-batch with a maximum of 1.46% zero probability fragments
[2021-01-04 16:39:15.478] [jointLog] [info] Thread saw mini-batch with a maximum of 1.50% zero probability fragments
[2021-01-04 16:39:15.555] [jointLog] [info] Thread saw mini-batch with a maximum of 1.52% zero probability fragments
[2021-01-04 16:39:15.607] [jointLog] [info] Thread saw mini-batch with a maximum of 1.52% zero probability fragments
[2021-01-04 16:39:16.072] [jointLog] [info] Computed 508,015 rich equivalence classes for further processing
[2021-01-04 16:39:16.072] [jointLog] [info] Counted 14,961,755 total reads in the equivalence classes 
[2021-01-04 16:39:16.094] [jointLog] [info] Number of mappings discarded because of alignment score : 1,957,822
[2021-01-04 16:39:16.094] [jointLog] [info] Number of fragments entirely discarded because of alignment score : 2,465,418
[2021-01-04 16:39:16.094] [jointLog] [info] Mapping rate = 78.3724%

[2021-01-04 16:39:16.094] [jointLog] [info] finished quantifyLibrary()
[2021-01-04 16:39:16.096] [jointLog] [info] Starting optimizer
[2021-01-04 16:39:16.073] [fileLog] [info] 
At end of round 0
==================
Observed 19090584 total fragments (19090584 in most recent round)

[2021-01-04 16:39:19.068] [jointLog] [info] Marked 0 weighted equivalence classes as degenerate
[2021-01-04 16:39:19.083] [jointLog] [info] iteration = 0 | max rel diff. = 5215.77
[2021-01-04 16:39:20.613] [jointLog] [info] iteration = 100 | max rel diff. = 10.2222
[2021-01-04 16:39:22.133] [jointLog] [info] iteration = 200 | max rel diff. = 5.50933
[2021-01-04 16:39:23.653] [jointLog] [info] iteration = 300 | max rel diff. = 11.7073
[2021-01-04 16:39:25.173] [jointLog] [info] iteration = 400 | max rel diff. = 0.200492
[2021-01-04 16:39:26.693] [jointLog] [info] iteration = 500 | max rel diff. = 2.60494
[2021-01-04 16:39:28.238] [jointLog] [info] iteration = 600 | max rel diff. = 0.0431977
[2021-01-04 16:39:29.757] [jointLog] [info] iteration = 700 | max rel diff. = 4.23461
[2021-01-04 16:39:31.277] [jointLog] [info] iteration = 800 | max rel diff. = 0.185513
[2021-01-04 16:39:32.797] [jointLog] [info] iteration = 900 | max rel diff. = 0.180731
[2021-01-04 16:39:34.318] [jointLog] [info] iteration = 1,000 | max rel diff. = 0.0257543
[2021-01-04 16:39:35.686] [jointLog] [info] iteration = 1,091 | max rel diff. = 0.00605736
[2021-01-04 16:39:35.691] [jointLog] [info] Finished optimizer
[2021-01-04 16:39:35.691] [jointLog] [info] writing output 

