[2021-01-04 16:33:42.881] [jointLog] [info] Fragment incompatibility prior below threshold.  Incompatible fragments will be ignored.
[2021-01-04 16:33:42.881] [jointLog] [info] Usage of --validateMappings implies use of minScoreFraction. Since not explicitly specified, it is being set to 0.65
[2021-01-04 16:33:42.881] [jointLog] [info] Usage of --validateMappings, without --hardFilter implies use of range factorization. rangeFactorizationBins is being set to 4
[2021-01-04 16:33:42.881] [jointLog] [info] Usage of --validateMappings implies a default consensus slack of 0.2. Setting consensusSlack to 0.2.
[2021-01-04 16:33:42.881] [jointLog] [info] parsing read library format
[2021-01-04 16:33:42.881] [jointLog] [info] There is 1 library.
[2021-01-04 16:33:42.969] [jointLog] [info] Loading Quasi index
[2021-01-04 16:33:42.970] [jointLog] [info] Loading 32-bit quasi index
[2021-01-04 16:33:55.431] [jointLog] [info] done
[2021-01-04 16:33:55.431] [jointLog] [info] Index contained 198,540 targets
[2021-01-04 16:33:56.136] [jointLog] [info] Automatically detected most likely library type as ISR
[2021-01-04 16:36:02.160] [jointLog] [info] Thread saw mini-batch with a maximum of 1.52% zero probability fragments
[2021-01-04 16:36:02.223] [jointLog] [info] Thread saw mini-batch with a maximum of 1.48% zero probability fragments
[2021-01-04 16:36:02.241] [jointLog] [info] Thread saw mini-batch with a maximum of 1.48% zero probability fragments
[2021-01-04 16:36:02.262] [jointLog] [info] Thread saw mini-batch with a maximum of 1.44% zero probability fragments
[2021-01-04 16:36:02.306] [jointLog] [info] Thread saw mini-batch with a maximum of 1.48% zero probability fragments
[2021-01-04 16:36:02.330] [jointLog] [info] Thread saw mini-batch with a maximum of 1.48% zero probability fragments
[2021-01-04 16:36:02.336] [jointLog] [info] Thread saw mini-batch with a maximum of 1.56% zero probability fragments
[2021-01-04 16:36:02.360] [jointLog] [info] Thread saw mini-batch with a maximum of 1.52% zero probability fragments
[2021-01-04 16:36:02.373] [jointLog] [info] Thread saw mini-batch with a maximum of 1.54% zero probability fragments
[2021-01-04 16:36:02.423] [jointLog] [info] Thread saw mini-batch with a maximum of 1.52% zero probability fragments
[2021-01-04 16:36:02.803] [jointLog] [info] Computed 499,982 rich equivalence classes for further processing
[2021-01-04 16:36:02.803] [jointLog] [info] Counted 14,752,852 total reads in the equivalence classes 
[2021-01-04 16:36:02.824] [jointLog] [info] Number of mappings discarded because of alignment score : 1,736,738
[2021-01-04 16:36:02.824] [jointLog] [info] Number of fragments entirely discarded because of alignment score : 1,876,599
[2021-01-04 16:36:02.824] [jointLog] [info] Mapping rate = 80.8758%

[2021-01-04 16:36:02.824] [jointLog] [info] finished quantifyLibrary()
[2021-01-04 16:36:02.826] [jointLog] [info] Starting optimizer
[2021-01-04 16:36:02.804] [fileLog] [info] 
At end of round 0
==================
Observed 18241366 total fragments (18241366 in most recent round)

[2021-01-04 16:36:05.708] [jointLog] [info] Marked 0 weighted equivalence classes as degenerate
[2021-01-04 16:36:05.724] [jointLog] [info] iteration = 0 | max rel diff. = 5225.77
[2021-01-04 16:36:07.227] [jointLog] [info] iteration = 100 | max rel diff. = 17.7804
[2021-01-04 16:36:08.722] [jointLog] [info] iteration = 200 | max rel diff. = 4.28085
[2021-01-04 16:36:10.214] [jointLog] [info] iteration = 300 | max rel diff. = 3.61065
[2021-01-04 16:36:11.705] [jointLog] [info] iteration = 400 | max rel diff. = 1.77255
[2021-01-04 16:36:13.197] [jointLog] [info] iteration = 500 | max rel diff. = 0.19731
[2021-01-04 16:36:14.689] [jointLog] [info] iteration = 600 | max rel diff. = 0.0617996
[2021-01-04 16:36:16.181] [jointLog] [info] iteration = 700 | max rel diff. = 0.204094
[2021-01-04 16:36:17.673] [jointLog] [info] iteration = 800 | max rel diff. = 0.155534
[2021-01-04 16:36:19.170] [jointLog] [info] iteration = 900 | max rel diff. = 0.223698
[2021-01-04 16:36:20.661] [jointLog] [info] iteration = 1,000 | max rel diff. = 0.0657063
[2021-01-04 16:36:22.164] [jointLog] [info] iteration = 1,100 | max rel diff. = 0.0996333
[2021-01-04 16:36:22.328] [jointLog] [info] iteration = 1,112 | max rel diff. = 0.00868539
[2021-01-04 16:36:22.332] [jointLog] [info] Finished optimizer
[2021-01-04 16:36:22.332] [jointLog] [info] writing output 

