[2021-01-04 16:37:54.890] [jointLog] [info] Fragment incompatibility prior below threshold.  Incompatible fragments will be ignored.
[2021-01-04 16:37:54.890] [jointLog] [info] Usage of --validateMappings implies use of minScoreFraction. Since not explicitly specified, it is being set to 0.65
[2021-01-04 16:37:54.890] [jointLog] [info] Usage of --validateMappings, without --hardFilter implies use of range factorization. rangeFactorizationBins is being set to 4
[2021-01-04 16:37:54.890] [jointLog] [info] Usage of --validateMappings implies a default consensus slack of 0.2. Setting consensusSlack to 0.2.
[2021-01-04 16:37:54.890] [jointLog] [info] parsing read library format
[2021-01-04 16:37:54.890] [jointLog] [info] There is 1 library.
[2021-01-04 16:37:54.980] [jointLog] [info] Loading Quasi index
[2021-01-04 16:37:54.981] [jointLog] [info] Loading 32-bit quasi index
[2021-01-04 16:38:04.834] [jointLog] [info] done
[2021-01-04 16:38:04.834] [jointLog] [info] Index contained 198,540 targets
[2021-01-04 16:38:05.733] [jointLog] [info] Automatically detected most likely library type as ISR
[2021-01-04 16:39:50.495] [jointLog] [info] Thread saw mini-batch with a maximum of 1.26% zero probability fragments
[2021-01-04 16:39:50.500] [jointLog] [info] Thread saw mini-batch with a maximum of 1.30% zero probability fragments
[2021-01-04 16:39:50.555] [jointLog] [info] Thread saw mini-batch with a maximum of 1.24% zero probability fragments
[2021-01-04 16:39:50.564] [jointLog] [info] Thread saw mini-batch with a maximum of 1.36% zero probability fragments
[2021-01-04 16:39:50.595] [jointLog] [info] Thread saw mini-batch with a maximum of 1.30% zero probability fragments
[2021-01-04 16:39:50.637] [jointLog] [info] Thread saw mini-batch with a maximum of 1.30% zero probability fragments
[2021-01-04 16:39:50.671] [jointLog] [info] Thread saw mini-batch with a maximum of 1.28% zero probability fragments
[2021-01-04 16:39:50.730] [jointLog] [info] Thread saw mini-batch with a maximum of 1.30% zero probability fragments
[2021-01-04 16:39:50.741] [jointLog] [info] Thread saw mini-batch with a maximum of 1.24% zero probability fragments
[2021-01-04 16:39:50.759] [jointLog] [info] Thread saw mini-batch with a maximum of 1.34% zero probability fragments
[2021-01-04 16:39:51.085] [fileLog] [info] 
At end of round 0
==================
Observed 14334575 total fragments (14334575 in most recent round)

[2021-01-04 16:39:51.084] [jointLog] [info] Computed 444,429 rich equivalence classes for further processing
[2021-01-04 16:39:51.084] [jointLog] [info] Counted 10,915,358 total reads in the equivalence classes 
[2021-01-04 16:39:51.105] [jointLog] [info] Number of mappings discarded because of alignment score : 1,471,245
[2021-01-04 16:39:51.105] [jointLog] [info] Number of fragments entirely discarded because of alignment score : 2,188,438
[2021-01-04 16:39:51.105] [jointLog] [info] Mapping rate = 76.1471%

[2021-01-04 16:39:51.105] [jointLog] [info] finished quantifyLibrary()
[2021-01-04 16:39:51.107] [jointLog] [info] Starting optimizer
[2021-01-04 16:39:53.458] [jointLog] [info] Marked 0 weighted equivalence classes as degenerate
[2021-01-04 16:39:53.475] [jointLog] [info] iteration = 0 | max rel diff. = 4291.75
[2021-01-04 16:39:55.087] [jointLog] [info] iteration = 100 | max rel diff. = 17.1055
[2021-01-04 16:39:56.695] [jointLog] [info] iteration = 200 | max rel diff. = 4.10516
[2021-01-04 16:39:58.302] [jointLog] [info] iteration = 300 | max rel diff. = 2.17361
[2021-01-04 16:39:59.909] [jointLog] [info] iteration = 400 | max rel diff. = 0.273465
[2021-01-04 16:40:01.515] [jointLog] [info] iteration = 500 | max rel diff. = 1.09272
[2021-01-04 16:40:03.122] [jointLog] [info] iteration = 600 | max rel diff. = 0.0673474
[2021-01-04 16:40:04.727] [jointLog] [info] iteration = 700 | max rel diff. = 1.65733
[2021-01-04 16:40:06.333] [jointLog] [info] iteration = 800 | max rel diff. = 0.124832
[2021-01-04 16:40:07.939] [jointLog] [info] iteration = 900 | max rel diff. = 0.355781
[2021-01-04 16:40:09.545] [jointLog] [info] iteration = 1,000 | max rel diff. = 0.0122376
[2021-01-04 16:40:11.151] [jointLog] [info] iteration = 1,100 | max rel diff. = 0.0506288
[2021-01-04 16:40:11.408] [jointLog] [info] iteration = 1,117 | max rel diff. = 0.00952352
[2021-01-04 16:40:11.413] [jointLog] [info] Finished optimizer
[2021-01-04 16:40:11.413] [jointLog] [info] writing output 

