[2021-01-04 16:36:57.270] [jointLog] [info] Fragment incompatibility prior below threshold.  Incompatible fragments will be ignored.
[2021-01-04 16:36:57.270] [jointLog] [info] Usage of --validateMappings implies use of minScoreFraction. Since not explicitly specified, it is being set to 0.65
[2021-01-04 16:36:57.270] [jointLog] [info] Usage of --validateMappings, without --hardFilter implies use of range factorization. rangeFactorizationBins is being set to 4
[2021-01-04 16:36:57.270] [jointLog] [info] Usage of --validateMappings implies a default consensus slack of 0.2. Setting consensusSlack to 0.2.
[2021-01-04 16:36:57.270] [jointLog] [info] parsing read library format
[2021-01-04 16:36:57.270] [jointLog] [info] There is 1 library.
[2021-01-04 16:36:57.354] [jointLog] [info] Loading Quasi index
[2021-01-04 16:36:57.355] [jointLog] [info] Loading 32-bit quasi index
[2021-01-04 16:37:22.399] [jointLog] [info] done
[2021-01-04 16:37:22.399] [jointLog] [info] Index contained 198,540 targets
[2021-01-04 16:37:23.370] [jointLog] [info] Automatically detected most likely library type as ISR
[2021-01-04 16:39:38.985] [jointLog] [info] Thread saw mini-batch with a maximum of 1.36% zero probability fragments
[2021-01-04 16:39:38.988] [jointLog] [info] Thread saw mini-batch with a maximum of 1.48% zero probability fragments
[2021-01-04 16:39:39.018] [jointLog] [info] Thread saw mini-batch with a maximum of 1.38% zero probability fragments
[2021-01-04 16:39:39.038] [jointLog] [info] Thread saw mini-batch with a maximum of 1.36% zero probability fragments
[2021-01-04 16:39:39.061] [jointLog] [info] Thread saw mini-batch with a maximum of 1.38% zero probability fragments
[2021-01-04 16:39:39.075] [jointLog] [info] Thread saw mini-batch with a maximum of 1.52% zero probability fragments
[2021-01-04 16:39:39.098] [jointLog] [info] Thread saw mini-batch with a maximum of 1.32% zero probability fragments
[2021-01-04 16:39:39.173] [jointLog] [info] Thread saw mini-batch with a maximum of 1.38% zero probability fragments
[2021-01-04 16:39:39.291] [jointLog] [info] Thread saw mini-batch with a maximum of 1.38% zero probability fragments
[2021-01-04 16:39:39.307] [jointLog] [info] Thread saw mini-batch with a maximum of 1.38% zero probability fragments
[2021-01-04 16:39:39.753] [fileLog] [info] 
At end of round 0
==================
Observed 13326628 total fragments (13326628 in most recent round)

[2021-01-04 16:39:39.752] [jointLog] [info] Computed 435,334 rich equivalence classes for further processing
[2021-01-04 16:39:39.752] [jointLog] [info] Counted 10,631,762 total reads in the equivalence classes 
[2021-01-04 16:39:39.777] [jointLog] [info] Number of mappings discarded because of alignment score : 1,291,794
[2021-01-04 16:39:39.777] [jointLog] [info] Number of fragments entirely discarded because of alignment score : 1,439,188
[2021-01-04 16:39:39.777] [jointLog] [info] Mapping rate = 79.7783%

[2021-01-04 16:39:39.777] [jointLog] [info] finished quantifyLibrary()
[2021-01-04 16:39:39.834] [jointLog] [info] Starting optimizer
[2021-01-04 16:39:40.005] [jointLog] [info] Marked 0 weighted equivalence classes as degenerate
[2021-01-04 16:39:40.025] [jointLog] [info] iteration = 0 | max rel diff. = 4208.96
[2021-01-04 16:39:41.749] [jointLog] [info] iteration = 100 | max rel diff. = 19.5684
[2021-01-04 16:39:43.514] [jointLog] [info] iteration = 200 | max rel diff. = 9.94752
[2021-01-04 16:39:45.305] [jointLog] [info] iteration = 300 | max rel diff. = 3.66061
[2021-01-04 16:39:47.064] [jointLog] [info] iteration = 400 | max rel diff. = 0.13819
[2021-01-04 16:39:48.782] [jointLog] [info] iteration = 500 | max rel diff. = 0.218098
[2021-01-04 16:39:50.514] [jointLog] [info] iteration = 600 | max rel diff. = 0.0884725
[2021-01-04 16:39:52.167] [jointLog] [info] iteration = 700 | max rel diff. = 0.0992879
[2021-01-04 16:39:53.893] [jointLog] [info] iteration = 800 | max rel diff. = 0.13209
[2021-01-04 16:39:55.734] [jointLog] [info] iteration = 900 | max rel diff. = 12.1655
[2021-01-04 16:39:57.432] [jointLog] [info] iteration = 1,000 | max rel diff. = 2.56584
[2021-01-04 16:39:58.969] [jointLog] [info] iteration = 1,100 | max rel diff. = 0.0302974
[2021-01-04 16:39:59.983] [jointLog] [info] iteration = 1,164 | max rel diff. = 0.00862911
[2021-01-04 16:39:59.990] [jointLog] [info] Finished optimizer
[2021-01-04 16:39:59.990] [jointLog] [info] writing output 

