[2021-01-04 16:37:12.210] [jointLog] [info] Fragment incompatibility prior below threshold.  Incompatible fragments will be ignored.
[2021-01-04 16:37:12.210] [jointLog] [info] Usage of --validateMappings implies use of minScoreFraction. Since not explicitly specified, it is being set to 0.65
[2021-01-04 16:37:12.210] [jointLog] [info] Usage of --validateMappings, without --hardFilter implies use of range factorization. rangeFactorizationBins is being set to 4
[2021-01-04 16:37:12.211] [jointLog] [info] Usage of --validateMappings implies a default consensus slack of 0.2. Setting consensusSlack to 0.2.
[2021-01-04 16:37:12.211] [jointLog] [info] parsing read library format
[2021-01-04 16:37:12.211] [jointLog] [info] There is 1 library.
[2021-01-04 16:37:12.291] [jointLog] [info] Loading Quasi index
[2021-01-04 16:37:12.292] [jointLog] [info] Loading 32-bit quasi index
[2021-01-04 16:37:22.447] [jointLog] [info] done
[2021-01-04 16:37:22.447] [jointLog] [info] Index contained 198,540 targets
[2021-01-04 16:37:23.297] [jointLog] [info] Automatically detected most likely library type as ISR
[2021-01-04 16:39:54.201] [jointLog] [info] Thread saw mini-batch with a maximum of 1.28% zero probability fragments
[2021-01-04 16:39:54.226] [jointLog] [info] Thread saw mini-batch with a maximum of 1.14% zero probability fragments
[2021-01-04 16:39:54.252] [jointLog] [info] Thread saw mini-batch with a maximum of 1.22% zero probability fragments
[2021-01-04 16:39:54.265] [jointLog] [info] Thread saw mini-batch with a maximum of 1.24% zero probability fragments
[2021-01-04 16:39:54.290] [jointLog] [info] Thread saw mini-batch with a maximum of 1.22% zero probability fragments
[2021-01-04 16:39:54.398] [jointLog] [info] Thread saw mini-batch with a maximum of 1.32% zero probability fragments
[2021-01-04 16:39:54.440] [jointLog] [info] Thread saw mini-batch with a maximum of 1.34% zero probability fragments
[2021-01-04 16:39:54.467] [jointLog] [info] Thread saw mini-batch with a maximum of 1.24% zero probability fragments
[2021-01-04 16:39:54.494] [jointLog] [info] Thread saw mini-batch with a maximum of 1.32% zero probability fragments
[2021-01-04 16:39:54.561] [jointLog] [info] Thread saw mini-batch with a maximum of 1.30% zero probability fragments
[2021-01-04 16:39:55.095] [jointLog] [info] Computed 528,433 rich equivalence classes for further processing
[2021-01-04 16:39:55.095] [jointLog] [info] Counted 16,397,772 total reads in the equivalence classes 
[2021-01-04 16:39:55.116] [jointLog] [info] Number of mappings discarded because of alignment score : 1,953,664
[2021-01-04 16:39:55.116] [jointLog] [info] Number of fragments entirely discarded because of alignment score : 2,281,100
[2021-01-04 16:39:55.116] [jointLog] [info] Mapping rate = 79.7506%

[2021-01-04 16:39:55.116] [jointLog] [info] finished quantifyLibrary()
[2021-01-04 16:39:55.142] [jointLog] [info] Starting optimizer
[2021-01-04 16:39:55.282] [jointLog] [info] Marked 0 weighted equivalence classes as degenerate
[2021-01-04 16:39:55.300] [jointLog] [info] iteration = 0 | max rel diff. = 5512.95
[2021-01-04 16:39:55.096] [fileLog] [info] 
At end of round 0
==================
Observed 20561307 total fragments (20561307 in most recent round)

[2021-01-04 16:39:56.919] [jointLog] [info] iteration = 100 | max rel diff. = 14.8058
[2021-01-04 16:39:58.526] [jointLog] [info] iteration = 200 | max rel diff. = 2.30658
[2021-01-04 16:40:00.131] [jointLog] [info] iteration = 300 | max rel diff. = 6.04806
[2021-01-04 16:40:01.740] [jointLog] [info] iteration = 400 | max rel diff. = 3.06243
[2021-01-04 16:40:03.346] [jointLog] [info] iteration = 500 | max rel diff. = 0.307843
[2021-01-04 16:40:04.952] [jointLog] [info] iteration = 600 | max rel diff. = 0.0270149
[2021-01-04 16:40:06.560] [jointLog] [info] iteration = 700 | max rel diff. = 1.81724
[2021-01-04 16:40:08.168] [jointLog] [info] iteration = 800 | max rel diff. = 0.0168329
[2021-01-04 16:40:09.778] [jointLog] [info] iteration = 900 | max rel diff. = 0.206261
[2021-01-04 16:40:11.388] [jointLog] [info] iteration = 1,000 | max rel diff. = 0.149587
[2021-01-04 16:40:12.991] [jointLog] [info] iteration = 1,100 | max rel diff. = 0.0801033
[2021-01-04 16:40:13.328] [jointLog] [info] iteration = 1,122 | max rel diff. = 0.0069395
[2021-01-04 16:40:13.332] [jointLog] [info] Finished optimizer
[2021-01-04 16:40:13.332] [jointLog] [info] writing output 

