[2021-01-04 16:36:34.396] [jointLog] [info] Fragment incompatibility prior below threshold.  Incompatible fragments will be ignored.
[2021-01-04 16:36:34.396] [jointLog] [info] Usage of --validateMappings implies use of minScoreFraction. Since not explicitly specified, it is being set to 0.65
[2021-01-04 16:36:34.396] [jointLog] [info] Usage of --validateMappings, without --hardFilter implies use of range factorization. rangeFactorizationBins is being set to 4
[2021-01-04 16:36:34.397] [jointLog] [info] Usage of --validateMappings implies a default consensus slack of 0.2. Setting consensusSlack to 0.2.
[2021-01-04 16:36:34.397] [jointLog] [info] parsing read library format
[2021-01-04 16:36:34.397] [jointLog] [info] There is 1 library.
[2021-01-04 16:36:34.477] [jointLog] [info] Loading Quasi index
[2021-01-04 16:36:34.478] [jointLog] [info] Loading 32-bit quasi index
[2021-01-04 16:36:44.273] [jointLog] [info] done
[2021-01-04 16:36:44.273] [jointLog] [info] Index contained 198,540 targets
[2021-01-04 16:36:45.196] [jointLog] [info] Automatically detected most likely library type as ISR
[2021-01-04 16:38:58.274] [jointLog] [info] Thread saw mini-batch with a maximum of 1.50% zero probability fragments
[2021-01-04 16:38:58.366] [jointLog] [info] Thread saw mini-batch with a maximum of 1.46% zero probability fragments
[2021-01-04 16:38:58.390] [jointLog] [info] Thread saw mini-batch with a maximum of 1.70% zero probability fragments
[2021-01-04 16:38:58.396] [jointLog] [info] Thread saw mini-batch with a maximum of 1.46% zero probability fragments
[2021-01-04 16:38:58.412] [jointLog] [info] Thread saw mini-batch with a maximum of 1.52% zero probability fragments
[2021-01-04 16:38:58.426] [jointLog] [info] Thread saw mini-batch with a maximum of 1.54% zero probability fragments
[2021-01-04 16:38:58.435] [jointLog] [info] Thread saw mini-batch with a maximum of 1.48% zero probability fragments
[2021-01-04 16:38:58.437] [jointLog] [info] Thread saw mini-batch with a maximum of 1.58% zero probability fragments
[2021-01-04 16:38:58.498] [jointLog] [info] Thread saw mini-batch with a maximum of 1.62% zero probability fragments
[2021-01-04 16:38:58.509] [jointLog] [info] Thread saw mini-batch with a maximum of 1.66% zero probability fragments
[2021-01-04 16:38:58.892] [fileLog] [info] 
At end of round 0
==================
Observed 19006640 total fragments (19006640 in most recent round)

[2021-01-04 16:38:58.891] [jointLog] [info] Computed 512,401 rich equivalence classes for further processing
[2021-01-04 16:38:58.891] [jointLog] [info] Counted 15,235,994 total reads in the equivalence classes 
[2021-01-04 16:38:58.912] [jointLog] [info] Number of mappings discarded because of alignment score : 1,923,995
[2021-01-04 16:38:58.912] [jointLog] [info] Number of fragments entirely discarded because of alignment score : 2,062,130
[2021-01-04 16:38:58.912] [jointLog] [info] Mapping rate = 80.1614%

[2021-01-04 16:38:58.912] [jointLog] [info] finished quantifyLibrary()
[2021-01-04 16:38:58.914] [jointLog] [info] Starting optimizer
[2021-01-04 16:38:59.041] [jointLog] [info] Marked 0 weighted equivalence classes as degenerate
[2021-01-04 16:38:59.057] [jointLog] [info] iteration = 0 | max rel diff. = 5334
[2021-01-04 16:39:00.571] [jointLog] [info] iteration = 100 | max rel diff. = 14.7588
[2021-01-04 16:39:02.079] [jointLog] [info] iteration = 200 | max rel diff. = 8.24256
[2021-01-04 16:39:03.586] [jointLog] [info] iteration = 300 | max rel diff. = 6.083
[2021-01-04 16:39:05.094] [jointLog] [info] iteration = 400 | max rel diff. = 7.79376
[2021-01-04 16:39:06.602] [jointLog] [info] iteration = 500 | max rel diff. = 5.11014
[2021-01-04 16:39:08.109] [jointLog] [info] iteration = 600 | max rel diff. = 16.0695
[2021-01-04 16:39:09.617] [jointLog] [info] iteration = 700 | max rel diff. = 0.210633
[2021-01-04 16:39:11.124] [jointLog] [info] iteration = 800 | max rel diff. = 0.729537
[2021-01-04 16:39:12.496] [jointLog] [info] iteration = 892 | max rel diff. = 0.00920686
[2021-01-04 16:39:12.501] [jointLog] [info] Finished optimizer
[2021-01-04 16:39:12.501] [jointLog] [info] writing output 

