[2021-01-04 16:33:42.933] [jointLog] [info] Fragment incompatibility prior below threshold.  Incompatible fragments will be ignored.
[2021-01-04 16:33:42.934] [jointLog] [info] Usage of --validateMappings implies use of minScoreFraction. Since not explicitly specified, it is being set to 0.65
[2021-01-04 16:33:42.934] [jointLog] [info] Usage of --validateMappings, without --hardFilter implies use of range factorization. rangeFactorizationBins is being set to 4
[2021-01-04 16:33:42.934] [jointLog] [info] Usage of --validateMappings implies a default consensus slack of 0.2. Setting consensusSlack to 0.2.
[2021-01-04 16:33:42.934] [jointLog] [info] parsing read library format
[2021-01-04 16:33:42.934] [jointLog] [info] There is 1 library.
[2021-01-04 16:33:43.021] [jointLog] [info] Loading Quasi index
[2021-01-04 16:33:43.022] [jointLog] [info] Loading 32-bit quasi index
[2021-01-04 16:34:02.363] [jointLog] [info] done
[2021-01-04 16:34:02.363] [jointLog] [info] Index contained 198,540 targets
[2021-01-04 16:34:03.542] [jointLog] [info] Automatically detected most likely library type as ISR
[2021-01-04 16:36:57.470] [jointLog] [info] Thread saw mini-batch with a maximum of 1.88% zero probability fragments
[2021-01-04 16:36:57.534] [jointLog] [info] Thread saw mini-batch with a maximum of 1.86% zero probability fragments
[2021-01-04 16:36:57.562] [jointLog] [info] Thread saw mini-batch with a maximum of 1.84% zero probability fragments
[2021-01-04 16:36:57.565] [jointLog] [info] Thread saw mini-batch with a maximum of 2.04% zero probability fragments
[2021-01-04 16:36:57.673] [jointLog] [info] Thread saw mini-batch with a maximum of 1.82% zero probability fragments
[2021-01-04 16:36:57.674] [jointLog] [info] Thread saw mini-batch with a maximum of 1.92% zero probability fragments
[2021-01-04 16:36:57.682] [jointLog] [info] Thread saw mini-batch with a maximum of 1.88% zero probability fragments
[2021-01-04 16:36:57.691] [jointLog] [info] Thread saw mini-batch with a maximum of 1.88% zero probability fragments
[2021-01-04 16:36:57.702] [jointLog] [info] Thread saw mini-batch with a maximum of 1.94% zero probability fragments
[2021-01-04 16:36:57.773] [jointLog] [info] Thread saw mini-batch with a maximum of 1.88% zero probability fragments
[2021-01-04 16:36:58.340] [jointLog] [info] Computed 531,466 rich equivalence classes for further processing
[2021-01-04 16:36:58.340] [jointLog] [info] Counted 17,676,268 total reads in the equivalence classes 
[2021-01-04 16:36:58.358] [jointLog] [info] Number of mappings discarded because of alignment score : 2,094,592
[2021-01-04 16:36:58.358] [jointLog] [info] Number of fragments entirely discarded because of alignment score : 2,272,696
[2021-01-04 16:36:58.358] [jointLog] [info] Mapping rate = 80.2808%

[2021-01-04 16:36:58.359] [jointLog] [info] finished quantifyLibrary()
[2021-01-04 16:36:58.361] [jointLog] [info] Starting optimizer
[2021-01-04 16:36:58.543] [jointLog] [info] Marked 0 weighted equivalence classes as degenerate
[2021-01-04 16:36:58.565] [jointLog] [info] iteration = 0 | max rel diff. = 5708.45
[2021-01-04 16:36:58.342] [fileLog] [info] 
At end of round 0
==================
Observed 22018063 total fragments (22018063 in most recent round)

[2021-01-04 16:37:00.677] [jointLog] [info] iteration = 100 | max rel diff. = 6.16596
[2021-01-04 16:37:02.721] [jointLog] [info] iteration = 200 | max rel diff. = 14.7037
[2021-01-04 16:37:04.755] [jointLog] [info] iteration = 300 | max rel diff. = 3.68535
[2021-01-04 16:37:06.788] [jointLog] [info] iteration = 400 | max rel diff. = 0.183984
[2021-01-04 16:37:08.727] [jointLog] [info] iteration = 500 | max rel diff. = 1.8988
[2021-01-04 16:37:10.556] [jointLog] [info] iteration = 600 | max rel diff. = 0.0728928
[2021-01-04 16:37:12.406] [jointLog] [info] iteration = 700 | max rel diff. = 0.654981
[2021-01-04 16:37:14.332] [jointLog] [info] iteration = 800 | max rel diff. = 0.249216
[2021-01-04 16:37:16.308] [jointLog] [info] iteration = 900 | max rel diff. = 0.133207
[2021-01-04 16:37:18.233] [jointLog] [info] iteration = 1,000 | max rel diff. = 0.0755101
[2021-01-04 16:37:20.074] [jointLog] [info] iteration = 1,100 | max rel diff. = 0.0848987
[2021-01-04 16:37:21.965] [jointLog] [info] iteration = 1,200 | max rel diff. = 0.40357
[2021-01-04 16:37:23.282] [jointLog] [info] iteration = 1,268 | max rel diff. = 0.00946122
[2021-01-04 16:37:23.288] [jointLog] [info] Finished optimizer
[2021-01-04 16:37:23.288] [jointLog] [info] writing output 

