[2021-01-04 16:36:25.782] [jointLog] [info] Fragment incompatibility prior below threshold.  Incompatible fragments will be ignored.
[2021-01-04 16:36:25.782] [jointLog] [info] Usage of --validateMappings implies use of minScoreFraction. Since not explicitly specified, it is being set to 0.65
[2021-01-04 16:36:25.782] [jointLog] [info] Usage of --validateMappings, without --hardFilter implies use of range factorization. rangeFactorizationBins is being set to 4
[2021-01-04 16:36:25.783] [jointLog] [info] Usage of --validateMappings implies a default consensus slack of 0.2. Setting consensusSlack to 0.2.
[2021-01-04 16:36:25.783] [jointLog] [info] parsing read library format
[2021-01-04 16:36:25.783] [jointLog] [info] There is 1 library.
[2021-01-04 16:36:25.865] [jointLog] [info] Loading Quasi index
[2021-01-04 16:36:25.866] [jointLog] [info] Loading 32-bit quasi index
[2021-01-04 16:36:35.993] [jointLog] [info] done
[2021-01-04 16:36:35.993] [jointLog] [info] Index contained 198,540 targets
[2021-01-04 16:36:37.035] [jointLog] [info] Automatically detected most likely library type as ISR
[2021-01-04 16:38:59.940] [jointLog] [info] Thread saw mini-batch with a maximum of 1.28% zero probability fragments
[2021-01-04 16:38:59.970] [jointLog] [info] Thread saw mini-batch with a maximum of 1.28% zero probability fragments
[2021-01-04 16:38:59.970] [jointLog] [info] Thread saw mini-batch with a maximum of 1.34% zero probability fragments
[2021-01-04 16:38:59.979] [jointLog] [info] Thread saw mini-batch with a maximum of 1.26% zero probability fragments
[2021-01-04 16:39:00.048] [jointLog] [info] Thread saw mini-batch with a maximum of 1.36% zero probability fragments
[2021-01-04 16:39:00.066] [jointLog] [info] Thread saw mini-batch with a maximum of 1.24% zero probability fragments
[2021-01-04 16:39:00.091] [jointLog] [info] Thread saw mini-batch with a maximum of 1.30% zero probability fragments
[2021-01-04 16:39:00.102] [jointLog] [info] Thread saw mini-batch with a maximum of 1.30% zero probability fragments
[2021-01-04 16:39:00.127] [jointLog] [info] Thread saw mini-batch with a maximum of 1.34% zero probability fragments
[2021-01-04 16:39:00.143] [jointLog] [info] Thread saw mini-batch with a maximum of 1.30% zero probability fragments
[2021-01-04 16:39:00.563] [jointLog] [info] Computed 516,792 rich equivalence classes for further processing
[2021-01-04 16:39:00.563] [jointLog] [info] Counted 15,790,535 total reads in the equivalence classes 
[2021-01-04 16:39:00.585] [jointLog] [info] Number of mappings discarded because of alignment score : 1,886,028
[2021-01-04 16:39:00.585] [jointLog] [info] Number of fragments entirely discarded because of alignment score : 2,097,315
[2021-01-04 16:39:00.585] [jointLog] [info] Mapping rate = 80.5269%

[2021-01-04 16:39:00.585] [jointLog] [info] finished quantifyLibrary()
[2021-01-04 16:39:00.587] [jointLog] [info] Starting optimizer
[2021-01-04 16:39:00.716] [jointLog] [info] Marked 0 weighted equivalence classes as degenerate
[2021-01-04 16:39:00.732] [jointLog] [info] iteration = 0 | max rel diff. = 5416.12
[2021-01-04 16:39:00.564] [fileLog] [info] 
At end of round 0
==================
Observed 19609010 total fragments (19609010 in most recent round)

[2021-01-04 16:39:02.164] [jointLog] [info] iteration = 100 | max rel diff. = 15.7061
[2021-01-04 16:39:03.591] [jointLog] [info] iteration = 200 | max rel diff. = 7.82086
[2021-01-04 16:39:05.018] [jointLog] [info] iteration = 300 | max rel diff. = 3.60065
[2021-01-04 16:39:06.445] [jointLog] [info] iteration = 400 | max rel diff. = 0.539378
[2021-01-04 16:39:07.872] [jointLog] [info] iteration = 500 | max rel diff. = 1.02322
[2021-01-04 16:39:09.299] [jointLog] [info] iteration = 600 | max rel diff. = 1.55716
[2021-01-04 16:39:10.726] [jointLog] [info] iteration = 700 | max rel diff. = 9.54073
[2021-01-04 16:39:12.154] [jointLog] [info] iteration = 800 | max rel diff. = 0.425213
[2021-01-04 16:39:13.581] [jointLog] [info] iteration = 900 | max rel diff. = 0.0606258
[2021-01-04 16:39:15.008] [jointLog] [info] iteration = 1,000 | max rel diff. = 0.046757
[2021-01-04 16:39:16.457] [jointLog] [info] iteration = 1,100 | max rel diff. = 0.344612
[2021-01-04 16:39:17.668] [jointLog] [info] iteration = 1,183 | max rel diff. = 0.00595956
[2021-01-04 16:39:17.672] [jointLog] [info] Finished optimizer
[2021-01-04 16:39:17.672] [jointLog] [info] writing output 

