[2021-01-04 16:33:42.933] [jointLog] [info] Fragment incompatibility prior below threshold.  Incompatible fragments will be ignored.
[2021-01-04 16:33:42.933] [jointLog] [info] Usage of --validateMappings implies use of minScoreFraction. Since not explicitly specified, it is being set to 0.65
[2021-01-04 16:33:42.933] [jointLog] [info] Usage of --validateMappings, without --hardFilter implies use of range factorization. rangeFactorizationBins is being set to 4
[2021-01-04 16:33:42.934] [jointLog] [info] Usage of --validateMappings implies a default consensus slack of 0.2. Setting consensusSlack to 0.2.
[2021-01-04 16:33:42.934] [jointLog] [info] parsing read library format
[2021-01-04 16:33:42.934] [jointLog] [info] There is 1 library.
[2021-01-04 16:33:43.022] [jointLog] [info] Loading Quasi index
[2021-01-04 16:33:43.023] [jointLog] [info] Loading 32-bit quasi index
[2021-01-04 16:34:02.643] [jointLog] [info] done
[2021-01-04 16:34:02.643] [jointLog] [info] Index contained 198,540 targets
[2021-01-04 16:34:03.934] [jointLog] [info] Automatically detected most likely library type as ISR
[2021-01-04 16:36:57.869] [jointLog] [info] Thread saw mini-batch with a maximum of 1.74% zero probability fragments
[2021-01-04 16:36:57.891] [jointLog] [info] Thread saw mini-batch with a maximum of 1.72% zero probability fragments
[2021-01-04 16:36:58.037] [jointLog] [info] Thread saw mini-batch with a maximum of 1.68% zero probability fragments
[2021-01-04 16:36:58.089] [jointLog] [info] Thread saw mini-batch with a maximum of 1.70% zero probability fragments
[2021-01-04 16:36:58.128] [jointLog] [info] Thread saw mini-batch with a maximum of 1.74% zero probability fragments
[2021-01-04 16:36:58.157] [jointLog] [info] Thread saw mini-batch with a maximum of 1.70% zero probability fragments
[2021-01-04 16:36:58.169] [jointLog] [info] Thread saw mini-batch with a maximum of 1.72% zero probability fragments
[2021-01-04 16:36:58.181] [jointLog] [info] Thread saw mini-batch with a maximum of 1.64% zero probability fragments
[2021-01-04 16:36:58.182] [jointLog] [info] Thread saw mini-batch with a maximum of 1.82% zero probability fragments
[2021-01-04 16:36:58.190] [jointLog] [info] Thread saw mini-batch with a maximum of 1.74% zero probability fragments
[2021-01-04 16:36:58.688] [jointLog] [info] Computed 521,402 rich equivalence classes for further processing
[2021-01-04 16:36:58.688] [jointLog] [info] Counted 17,191,426 total reads in the equivalence classes 
[2021-01-04 16:36:58.712] [jointLog] [info] Number of mappings discarded because of alignment score : 2,025,199
[2021-01-04 16:36:58.712] [jointLog] [info] Number of fragments entirely discarded because of alignment score : 2,390,060
[2021-01-04 16:36:58.712] [jointLog] [info] Mapping rate = 79.3522%

[2021-01-04 16:36:58.712] [jointLog] [info] finished quantifyLibrary()
[2021-01-04 16:36:58.714] [jointLog] [info] Starting optimizer
[2021-01-04 16:36:58.867] [jointLog] [info] Marked 0 weighted equivalence classes as degenerate
[2021-01-04 16:36:58.888] [jointLog] [info] iteration = 0 | max rel diff. = 5627.32
[2021-01-04 16:36:58.689] [fileLog] [info] 
At end of round 0
==================
Observed 21664703 total fragments (21664703 in most recent round)

[2021-01-04 16:37:00.906] [jointLog] [info] iteration = 100 | max rel diff. = 12.7906
[2021-01-04 16:37:02.920] [jointLog] [info] iteration = 200 | max rel diff. = 13.7203
[2021-01-04 16:37:04.934] [jointLog] [info] iteration = 300 | max rel diff. = 0.296327
[2021-01-04 16:37:06.947] [jointLog] [info] iteration = 400 | max rel diff. = 1.89629
[2021-01-04 16:37:08.970] [jointLog] [info] iteration = 500 | max rel diff. = 0.107748
[2021-01-04 16:37:10.874] [jointLog] [info] iteration = 600 | max rel diff. = 0.072782
[2021-01-04 16:37:12.736] [jointLog] [info] iteration = 700 | max rel diff. = 0.299125
[2021-01-04 16:37:14.541] [jointLog] [info] iteration = 800 | max rel diff. = 0.0668614
[2021-01-04 16:37:16.382] [jointLog] [info] iteration = 900 | max rel diff. = 0.11337
[2021-01-04 16:37:18.297] [jointLog] [info] iteration = 1,000 | max rel diff. = 0.165757
[2021-01-04 16:37:20.283] [jointLog] [info] iteration = 1,100 | max rel diff. = 0.0275615
[2021-01-04 16:37:21.048] [jointLog] [info] iteration = 1,139 | max rel diff. = 0.00952982
[2021-01-04 16:37:21.053] [jointLog] [info] Finished optimizer
[2021-01-04 16:37:21.053] [jointLog] [info] writing output 

