[2021-01-04 16:33:42.946] [jointLog] [info] Fragment incompatibility prior below threshold.  Incompatible fragments will be ignored.
[2021-01-04 16:33:42.947] [jointLog] [info] Usage of --validateMappings implies use of minScoreFraction. Since not explicitly specified, it is being set to 0.65
[2021-01-04 16:33:42.947] [jointLog] [info] Usage of --validateMappings, without --hardFilter implies use of range factorization. rangeFactorizationBins is being set to 4
[2021-01-04 16:33:42.947] [jointLog] [info] Usage of --validateMappings implies a default consensus slack of 0.2. Setting consensusSlack to 0.2.
[2021-01-04 16:33:42.947] [jointLog] [info] parsing read library format
[2021-01-04 16:33:42.947] [jointLog] [info] There is 1 library.
[2021-01-04 16:33:43.030] [jointLog] [info] Loading Quasi index
[2021-01-04 16:33:43.031] [jointLog] [info] Loading 32-bit quasi index
[2021-01-04 16:33:54.504] [jointLog] [info] done
[2021-01-04 16:33:54.504] [jointLog] [info] Index contained 198,540 targets
[2021-01-04 16:33:55.293] [jointLog] [info] Automatically detected most likely library type as ISR
[2021-01-04 16:36:38.570] [jointLog] [info] Thread saw mini-batch with a maximum of 2.06% zero probability fragments
[2021-01-04 16:36:38.596] [jointLog] [info] Thread saw mini-batch with a maximum of 2.14% zero probability fragments
[2021-01-04 16:36:38.599] [jointLog] [info] Thread saw mini-batch with a maximum of 1.90% zero probability fragments
[2021-01-04 16:36:38.647] [jointLog] [info] Thread saw mini-batch with a maximum of 2.06% zero probability fragments
[2021-01-04 16:36:38.687] [jointLog] [info] Thread saw mini-batch with a maximum of 2.08% zero probability fragments
[2021-01-04 16:36:38.708] [jointLog] [info] Thread saw mini-batch with a maximum of 2.04% zero probability fragments
[2021-01-04 16:36:38.728] [jointLog] [info] Thread saw mini-batch with a maximum of 1.98% zero probability fragments
[2021-01-04 16:36:38.759] [jointLog] [info] Thread saw mini-batch with a maximum of 1.94% zero probability fragments
[2021-01-04 16:36:38.798] [jointLog] [info] Thread saw mini-batch with a maximum of 2.00% zero probability fragments
[2021-01-04 16:36:38.853] [jointLog] [info] Thread saw mini-batch with a maximum of 2.00% zero probability fragments
[2021-01-04 16:36:39.342] [fileLog] [info] 
At end of round 0
==================
Observed 25357564 total fragments (25357564 in most recent round)

[2021-01-04 16:36:39.341] [jointLog] [info] Computed 564,950 rich equivalence classes for further processing
[2021-01-04 16:36:39.341] [jointLog] [info] Counted 20,277,143 total reads in the equivalence classes 
[2021-01-04 16:36:39.365] [jointLog] [info] Number of mappings discarded because of alignment score : 2,409,207
[2021-01-04 16:36:39.365] [jointLog] [info] Number of fragments entirely discarded because of alignment score : 2,704,490
[2021-01-04 16:36:39.365] [jointLog] [info] Mapping rate = 79.9649%

[2021-01-04 16:36:39.365] [jointLog] [info] finished quantifyLibrary()
[2021-01-04 16:36:39.367] [jointLog] [info] Starting optimizer
[2021-01-04 16:36:39.518] [jointLog] [info] Marked 0 weighted equivalence classes as degenerate
[2021-01-04 16:36:39.540] [jointLog] [info] iteration = 0 | max rel diff. = 5961.26
[2021-01-04 16:36:41.610] [jointLog] [info] iteration = 100 | max rel diff. = 17.7803
[2021-01-04 16:36:43.683] [jointLog] [info] iteration = 200 | max rel diff. = 4.56049
[2021-01-04 16:36:45.756] [jointLog] [info] iteration = 300 | max rel diff. = 11.3512
[2021-01-04 16:36:47.838] [jointLog] [info] iteration = 400 | max rel diff. = 1.06637
[2021-01-04 16:36:49.913] [jointLog] [info] iteration = 500 | max rel diff. = 1.20763
[2021-01-04 16:36:51.987] [jointLog] [info] iteration = 600 | max rel diff. = 13.3344
[2021-01-04 16:36:54.060] [jointLog] [info] iteration = 700 | max rel diff. = 0.201285
[2021-01-04 16:36:56.137] [jointLog] [info] iteration = 800 | max rel diff. = 0.694799
[2021-01-04 16:36:58.212] [jointLog] [info] iteration = 900 | max rel diff. = 0.577195
[2021-01-04 16:37:00.284] [jointLog] [info] iteration = 1,000 | max rel diff. = 0.0247164
[2021-01-04 16:37:01.135] [jointLog] [info] iteration = 1,042 | max rel diff. = 0.00861213
[2021-01-04 16:37:01.141] [jointLog] [info] Finished optimizer
[2021-01-04 16:37:01.141] [jointLog] [info] writing output 

