[2021-01-04 16:33:42.920] [jointLog] [info] Fragment incompatibility prior below threshold.  Incompatible fragments will be ignored.
[2021-01-04 16:33:42.920] [jointLog] [info] Usage of --validateMappings implies use of minScoreFraction. Since not explicitly specified, it is being set to 0.65
[2021-01-04 16:33:42.920] [jointLog] [info] Usage of --validateMappings, without --hardFilter implies use of range factorization. rangeFactorizationBins is being set to 4
[2021-01-04 16:33:42.920] [jointLog] [info] Usage of --validateMappings implies a default consensus slack of 0.2. Setting consensusSlack to 0.2.
[2021-01-04 16:33:42.920] [jointLog] [info] parsing read library format
[2021-01-04 16:33:42.920] [jointLog] [info] There is 1 library.
[2021-01-04 16:33:43.011] [jointLog] [info] Loading Quasi index
[2021-01-04 16:33:43.012] [jointLog] [info] Loading 32-bit quasi index
[2021-01-04 16:33:55.305] [jointLog] [info] done
[2021-01-04 16:33:55.305] [jointLog] [info] Index contained 198,540 targets
[2021-01-04 16:33:56.118] [jointLog] [info] Automatically detected most likely library type as ISR
[2021-01-04 16:36:21.490] [jointLog] [info] Thread saw mini-batch with a maximum of 1.60% zero probability fragments
[2021-01-04 16:36:21.512] [jointLog] [info] Thread saw mini-batch with a maximum of 1.60% zero probability fragments
[2021-01-04 16:36:21.538] [jointLog] [info] Thread saw mini-batch with a maximum of 1.46% zero probability fragments
[2021-01-04 16:36:21.715] [jointLog] [info] Thread saw mini-batch with a maximum of 1.58% zero probability fragments
[2021-01-04 16:36:21.723] [jointLog] [info] Thread saw mini-batch with a maximum of 1.50% zero probability fragments
[2021-01-04 16:36:21.733] [jointLog] [info] Thread saw mini-batch with a maximum of 1.60% zero probability fragments
[2021-01-04 16:36:21.747] [jointLog] [info] Thread saw mini-batch with a maximum of 1.48% zero probability fragments
[2021-01-04 16:36:21.773] [jointLog] [info] Thread saw mini-batch with a maximum of 1.46% zero probability fragments
[2021-01-04 16:36:21.780] [jointLog] [info] Thread saw mini-batch with a maximum of 1.48% zero probability fragments
[2021-01-04 16:36:21.790] [jointLog] [info] Thread saw mini-batch with a maximum of 1.44% zero probability fragments
[2021-01-04 16:36:22.257] [fileLog] [info] 
At end of round 0
==================
Observed 21919524 total fragments (21919524 in most recent round)

[2021-01-04 16:36:22.256] [jointLog] [info] Computed 538,596 rich equivalence classes for further processing
[2021-01-04 16:36:22.256] [jointLog] [info] Counted 17,729,456 total reads in the equivalence classes 
[2021-01-04 16:36:22.277] [jointLog] [info] Number of mappings discarded because of alignment score : 2,002,587
[2021-01-04 16:36:22.277] [jointLog] [info] Number of fragments entirely discarded because of alignment score : 2,176,915
[2021-01-04 16:36:22.277] [jointLog] [info] Mapping rate = 80.8843%

[2021-01-04 16:36:22.277] [jointLog] [info] finished quantifyLibrary()
[2021-01-04 16:36:22.298] [jointLog] [info] Starting optimizer
[2021-01-04 16:36:22.435] [jointLog] [info] Marked 0 weighted equivalence classes as degenerate
[2021-01-04 16:36:22.455] [jointLog] [info] iteration = 0 | max rel diff. = 5733.15
[2021-01-04 16:36:24.360] [jointLog] [info] iteration = 100 | max rel diff. = 21.0679
[2021-01-04 16:36:26.263] [jointLog] [info] iteration = 200 | max rel diff. = 14.6702
[2021-01-04 16:36:28.164] [jointLog] [info] iteration = 300 | max rel diff. = 1.24967
[2021-01-04 16:36:30.065] [jointLog] [info] iteration = 400 | max rel diff. = 5.09862
[2021-01-04 16:36:31.974] [jointLog] [info] iteration = 500 | max rel diff. = 0.234429
[2021-01-04 16:36:33.884] [jointLog] [info] iteration = 600 | max rel diff. = 0.119157
[2021-01-04 16:36:35.785] [jointLog] [info] iteration = 700 | max rel diff. = 0.136455
[2021-01-04 16:36:37.686] [jointLog] [info] iteration = 800 | max rel diff. = 10.5482
[2021-01-04 16:36:39.586] [jointLog] [info] iteration = 900 | max rel diff. = 0.0383217
[2021-01-04 16:36:40.290] [jointLog] [info] iteration = 938 | max rel diff. = 0.00975539
[2021-01-04 16:36:40.295] [jointLog] [info] Finished optimizer
[2021-01-04 16:36:40.295] [jointLog] [info] writing output 

