[2021-01-04 16:33:42.932] [jointLog] [info] Fragment incompatibility prior below threshold.  Incompatible fragments will be ignored.
[2021-01-04 16:33:42.933] [jointLog] [info] Usage of --validateMappings implies use of minScoreFraction. Since not explicitly specified, it is being set to 0.65
[2021-01-04 16:33:42.933] [jointLog] [info] Usage of --validateMappings, without --hardFilter implies use of range factorization. rangeFactorizationBins is being set to 4
[2021-01-04 16:33:42.933] [jointLog] [info] Usage of --validateMappings implies a default consensus slack of 0.2. Setting consensusSlack to 0.2.
[2021-01-04 16:33:42.933] [jointLog] [info] parsing read library format
[2021-01-04 16:33:42.933] [jointLog] [info] There is 1 library.
[2021-01-04 16:33:43.021] [jointLog] [info] Loading Quasi index
[2021-01-04 16:33:43.022] [jointLog] [info] Loading 32-bit quasi index
[2021-01-04 16:34:00.971] [jointLog] [info] done
[2021-01-04 16:34:00.971] [jointLog] [info] Index contained 198,540 targets
[2021-01-04 16:34:02.061] [jointLog] [info] Automatically detected most likely library type as ISR
[2021-01-04 16:36:16.961] [jointLog] [info] Thread saw mini-batch with a maximum of 1.62% zero probability fragments
[2021-01-04 16:36:16.963] [jointLog] [info] Thread saw mini-batch with a maximum of 1.60% zero probability fragments
[2021-01-04 16:36:17.059] [jointLog] [info] Thread saw mini-batch with a maximum of 1.70% zero probability fragments
[2021-01-04 16:36:17.105] [jointLog] [info] Thread saw mini-batch with a maximum of 1.64% zero probability fragments
[2021-01-04 16:36:17.113] [jointLog] [info] Thread saw mini-batch with a maximum of 1.64% zero probability fragments
[2021-01-04 16:36:17.198] [jointLog] [info] Thread saw mini-batch with a maximum of 1.62% zero probability fragments
[2021-01-04 16:36:17.203] [jointLog] [info] Thread saw mini-batch with a maximum of 1.68% zero probability fragments
[2021-01-04 16:36:17.217] [jointLog] [info] Thread saw mini-batch with a maximum of 1.70% zero probability fragments
[2021-01-04 16:36:17.225] [jointLog] [info] Thread saw mini-batch with a maximum of 1.52% zero probability fragments
[2021-01-04 16:36:17.240] [jointLog] [info] Thread saw mini-batch with a maximum of 1.72% zero probability fragments
[2021-01-04 16:36:17.638] [fileLog] [info] 
At end of round 0
==================
Observed 16546484 total fragments (16546484 in most recent round)

[2021-01-04 16:36:17.637] [jointLog] [info] Computed 490,911 rich equivalence classes for further processing
[2021-01-04 16:36:17.637] [jointLog] [info] Counted 13,200,218 total reads in the equivalence classes 
[2021-01-04 16:36:17.656] [jointLog] [info] Number of mappings discarded because of alignment score : 1,587,252
[2021-01-04 16:36:17.656] [jointLog] [info] Number of fragments entirely discarded because of alignment score : 1,822,411
[2021-01-04 16:36:17.656] [jointLog] [info] Mapping rate = 79.7766%

[2021-01-04 16:36:17.656] [jointLog] [info] finished quantifyLibrary()
[2021-01-04 16:36:17.658] [jointLog] [info] Starting optimizer
[2021-01-04 16:36:17.814] [jointLog] [info] Marked 0 weighted equivalence classes as degenerate
[2021-01-04 16:36:17.835] [jointLog] [info] iteration = 0 | max rel diff. = 4867.55
[2021-01-04 16:36:19.873] [jointLog] [info] iteration = 100 | max rel diff. = 14.1037
[2021-01-04 16:36:21.752] [jointLog] [info] iteration = 200 | max rel diff. = 3.17348
[2021-01-04 16:36:23.682] [jointLog] [info] iteration = 300 | max rel diff. = 1.18367
[2021-01-04 16:36:25.657] [jointLog] [info] iteration = 400 | max rel diff. = 0.86183
[2021-01-04 16:36:27.666] [jointLog] [info] iteration = 500 | max rel diff. = 0.33589
[2021-01-04 16:36:29.679] [jointLog] [info] iteration = 600 | max rel diff. = 1.11319
[2021-01-04 16:36:31.692] [jointLog] [info] iteration = 700 | max rel diff. = 0.0989982
[2021-01-04 16:36:33.704] [jointLog] [info] iteration = 800 | max rel diff. = 0.442728
[2021-01-04 16:36:35.716] [jointLog] [info] iteration = 900 | max rel diff. = 0.0255807
[2021-01-04 16:36:37.727] [jointLog] [info] iteration = 1,000 | max rel diff. = 0.0278674
[2021-01-04 16:36:39.740] [jointLog] [info] iteration = 1,100 | max rel diff. = 0.745014
[2021-01-04 16:36:40.001] [jointLog] [info] iteration = 1,114 | max rel diff. = 0.0078577
[2021-01-04 16:36:40.006] [jointLog] [info] Finished optimizer
[2021-01-04 16:36:40.006] [jointLog] [info] writing output 

